<?xml version="1.0" encoding="UTF-8"?>
<coverage generated="1718913321511" clover="3.2.0">
  <project timestamp="1718913321511" name="All files">
    <metrics statements="43" coveredstatements="9" conditionals="15" coveredconditionals="2" methods="14" coveredmethods="3" elements="72" coveredelements="14" complexity="0" loc="43" ncloc="43" packages="1" files="5" classes="5"/>
    <file name="App.tsx" path="C:\Users\Leo\Documents\Th-Rosenheim\master\sqs\new4\sqs-projekt\frontend\src\App.tsx">
      <metrics statements="2" coveredstatements="0" conditionals="0" coveredconditionals="0" methods="1" coveredmethods="0"/>
      <line num="5" count="0" type="stmt"/>
      <line num="6" count="0" type="stmt"/>
    </file>
    <file name="LandingPage.tsx" path="C:\Users\Leo\Documents\Th-Rosenheim\master\sqs\new4\sqs-projekt\frontend\src\LandingPage.tsx">
      <metrics statements="29" coveredstatements="8" conditionals="11" coveredconditionals="2" methods="10" coveredmethods="2"/>
      <line num="21" count="4" type="stmt"/>
      <line num="22" count="4" type="stmt"/>
      <line num="23" count="4" type="stmt"/>
      <line num="24" count="4" type="stmt"/>
      <line num="32" count="4" type="stmt"/>
      <line num="34" count="4" type="stmt"/>
      <line num="35" count="0" type="stmt"/>
      <line num="39" count="0" type="cond" truecount="0" falsecount="2"/>
      <line num="40" count="0" type="stmt"/>
      <line num="41" count="0" type="stmt"/>
      <line num="42" count="0" type="stmt"/>
      <line num="44" count="0" type="stmt"/>
      <line num="45" count="0" type="stmt"/>
      <line num="47" count="0" type="stmt"/>
      <line num="48" count="0" type="stmt"/>
      <line num="50" count="0" type="stmt"/>
      <line num="51" count="0" type="cond" truecount="0" falsecount="2"/>
      <line num="52" count="0" type="stmt"/>
      <line num="54" count="0" type="stmt"/>
      <line num="56" count="0" type="stmt"/>
      <line num="59" count="0" type="stmt"/>
      <line num="60" count="0" type="stmt"/>
      <line num="61" count="0" type="stmt"/>
      <line num="65" count="4" type="stmt"/>
      <line num="66" count="0" type="cond" truecount="0" falsecount="2"/>
      <line num="67" count="0" type="stmt"/>
      <line num="71" count="4" type="stmt"/>
      <line num="133" count="0" type="stmt"/>
      <line num="139" count="0" type="stmt"/>
    </file>
    <file name="MenuAppBar.tsx" path="C:\Users\Leo\Documents\Th-Rosenheim\master\sqs\new4\sqs-projekt\frontend\src\MenuAppBar.tsx">
      <metrics statements="1" coveredstatements="1" conditionals="0" coveredconditionals="0" methods="1" coveredmethods="1"/>
      <line num="9" count="4" type="stmt"/>
    </file>
    <file name="main.tsx" path="C:\Users\Leo\Documents\Th-Rosenheim\master\sqs\new4\sqs-projekt\frontend\src\main.tsx">
      <metrics statements="3" coveredstatements="0" conditionals="0" coveredconditionals="0" methods="0" coveredmethods="0"/>
      <line num="6" count="0" type="stmt"/>
      <line num="9" count="0" type="stmt"/>
      <line num="18" count="0" type="stmt"/>
    </file>
    <file name="reportWebVitals.ts" path="C:\Users\Leo\Documents\Th-Rosenheim\master\sqs\new4\sqs-projekt\frontend\src\reportWebVitals.ts">
      <metrics statements="8" coveredstatements="0" conditionals="4" coveredconditionals="0" methods="2" coveredmethods="0"/>
      <line num="3" count="0" type="stmt"/>
      <line num="4" count="0" type="cond" truecount="0" falsecount="4"/>
      <line num="5" count="0" type="stmt"/>
      <line num="6" count="0" type="stmt"/>
      <line num="7" count="0" type="stmt"/>
      <line num="8" count="0" type="stmt"/>
      <line num="9" count="0" type="stmt"/>
      <line num="10" count="0" type="stmt"/>
    </file>
  </project>
</coverage>
