TN:
SF:src\App.tsx
FN:5,(anonymous_0)
FNF:1
FNH:0
FNDA:0,(anonymous_0)
DA:5,0
DA:6,0
LF:2
LH:0
BRF:0
BRH:0
end_of_record
TN:
SF:src\LandingPage.tsx
FN:20,LandingPage
FN:32,(anonymous_1)
FN:34,(anonymous_2)
FN:38,doSearch
FN:48,(anonymous_4)
FN:49,(anonymous_5)
FN:58,(anonymous_6)
FN:65,(anonymous_7)
FN:132,(anonymous_8)
FN:138,(anonymous_9)
FNF:10
FNH:2
FNDA:4,LandingPage
FNDA:4,(anonymous_1)
FNDA:0,(anonymous_2)
FNDA:0,doSearch
FNDA:0,(anonymous_4)
FNDA:0,(anonymous_5)
FNDA:0,(anonymous_6)
FNDA:0,(anonymous_7)
FNDA:0,(anonymous_8)
FNDA:0,(anonymous_9)
DA:21,4
DA:22,4
DA:23,4
DA:24,4
DA:32,4
DA:34,4
DA:35,0
DA:39,0
DA:40,0
DA:41,0
DA:42,0
DA:44,0
DA:45,0
DA:47,0
DA:48,0
DA:50,0
DA:51,0
DA:52,0
DA:54,0
DA:56,0
DA:59,0
DA:60,0
DA:61,0
DA:65,4
DA:66,0
DA:67,0
DA:71,4
DA:133,0
DA:139,0
LF:29
LH:8
BRDA:39,0,0,0
BRDA:39,0,1,0
BRDA:51,1,0,0
BRDA:51,1,1,0
BRDA:66,2,0,0
BRDA:66,2,1,0
BRDA:117,3,0,0
BRDA:117,3,1,4
BRDA:122,4,0,4
BRDA:122,4,1,0
BRDA:122,4,2,0
BRF:11
BRH:2
end_of_record
TN:
SF:src\MenuAppBar.tsx
FN:7,MenuAppBar
FNF:1
FNH:1
FNDA:4,MenuAppBar
DA:9,4
LF:1
LH:1
BRF:0
BRH:0
end_of_record
TN:
SF:src\main.tsx
FNF:0
FNH:0
DA:6,0
DA:9,0
DA:18,0
LF:3
LH:0
BRF:0
BRH:0
end_of_record
TN:
SF:src\reportWebVitals.ts
FN:3,(anonymous_0)
FN:5,(anonymous_1)
FNF:2
FNH:0
FNDA:0,(anonymous_0)
FNDA:0,(anonymous_1)
DA:3,0
DA:4,0
DA:5,0
DA:6,0
DA:7,0
DA:8,0
DA:9,0
DA:10,0
LF:8
LH:0
BRDA:4,0,0,0
BRDA:4,0,1,0
BRDA:4,1,0,0
BRDA:4,1,1,0
BRF:4
BRH:0
end_of_record
